c:\users\gebruiker\desktop\ms ported\sol\solitaire\release\vc120.pdb
c:\users\gebruiker\desktop\ms ported\sol\solitaire\release\solitaire.exe
c:\users\gebruiker\desktop\ms ported\sol\solitaire\release\solitaire.pdb
c:\users\gebruiker\desktop\ms ported\sol\solitaire\release\cards.res
c:\users\gebruiker\desktop\ms ported\sol\solitaire\release\sol_new.res
c:\users\gebruiker\desktop\ms ported\sol\solitaire\release\back.obj
c:\users\gebruiker\desktop\ms ported\sol\solitaire\release\cards.obj
c:\users\gebruiker\desktop\ms ported\sol\solitaire\release\col.obj
c:\users\gebruiker\desktop\ms ported\sol\solitaire\release\debug.obj
c:\users\gebruiker\desktop\ms ported\sol\solitaire\release\game.obj
c:\users\gebruiker\desktop\ms ported\sol\solitaire\release\klond.obj
c:\users\gebruiker\desktop\ms ported\sol\solitaire\release\marq.obj
c:\users\gebruiker\desktop\ms ported\sol\solitaire\release\sol.obj
c:\users\gebruiker\desktop\ms ported\sol\solitaire\release\stat.obj
c:\users\gebruiker\desktop\ms ported\sol\solitaire\release\undo.obj
c:\users\gebruiker\desktop\ms ported\sol\solitaire\release\util.obj
c:\users\gebruiker\desktop\ms ported\sol\solitaire\release\solitaire.tlog\cl.command.1.tlog
c:\users\gebruiker\desktop\ms ported\sol\solitaire\release\solitaire.tlog\cl.read.1.tlog
c:\users\gebruiker\desktop\ms ported\sol\solitaire\release\solitaire.tlog\cl.write.1.tlog
c:\users\gebruiker\desktop\ms ported\sol\solitaire\release\solitaire.tlog\link.command.1.tlog
c:\users\gebruiker\desktop\ms ported\sol\solitaire\release\solitaire.tlog\link.read.1.tlog
c:\users\gebruiker\desktop\ms ported\sol\solitaire\release\solitaire.tlog\link.write.1.tlog
c:\users\gebruiker\desktop\ms ported\sol\solitaire\release\solitaire.tlog\rc.command.1.tlog
c:\users\gebruiker\desktop\ms ported\sol\solitaire\release\solitaire.tlog\rc.read.1.tlog
c:\users\gebruiker\desktop\ms ported\sol\solitaire\release\solitaire.tlog\rc.write.1.tlog
