c:\users\gebruiker\desktop\ms ported\sol\solitaire\x64\release\vc120.pdb
c:\users\gebruiker\desktop\ms ported\sol\solitaire\x64\release\sol.obj
c:\users\gebruiker\desktop\ms ported\sol\solitaire\x64\release\solitaire.exe
c:\users\gebruiker\desktop\ms ported\sol\solitaire\x64\release\solitaire.pdb
c:\users\gebruiker\desktop\ms ported\sol\solitaire\x64\release\cards.res
c:\users\gebruiker\desktop\ms ported\sol\solitaire\x64\release\sol_new.res
c:\users\gebruiker\desktop\ms ported\sol\solitaire\x64\release\back.obj
c:\users\gebruiker\desktop\ms ported\sol\solitaire\x64\release\cards.obj
c:\users\gebruiker\desktop\ms ported\sol\solitaire\x64\release\col.obj
c:\users\gebruiker\desktop\ms ported\sol\solitaire\x64\release\debug.obj
c:\users\gebruiker\desktop\ms ported\sol\solitaire\x64\release\game.obj
c:\users\gebruiker\desktop\ms ported\sol\solitaire\x64\release\klond.obj
c:\users\gebruiker\desktop\ms ported\sol\solitaire\x64\release\marq.obj
c:\users\gebruiker\desktop\ms ported\sol\solitaire\x64\release\stat.obj
c:\users\gebruiker\desktop\ms ported\sol\solitaire\x64\release\undo.obj
c:\users\gebruiker\desktop\ms ported\sol\solitaire\x64\release\util.obj
c:\users\gebruiker\desktop\ms ported\sol\solitaire\x64\release\solitaire.tlog\cl.command.1.tlog
c:\users\gebruiker\desktop\ms ported\sol\solitaire\x64\release\solitaire.tlog\cl.read.1.tlog
c:\users\gebruiker\desktop\ms ported\sol\solitaire\x64\release\solitaire.tlog\cl.write.1.tlog
c:\users\gebruiker\desktop\ms ported\sol\solitaire\x64\release\solitaire.tlog\link.command.1.tlog
c:\users\gebruiker\desktop\ms ported\sol\solitaire\x64\release\solitaire.tlog\link.read.1.tlog
c:\users\gebruiker\desktop\ms ported\sol\solitaire\x64\release\solitaire.tlog\link.write.1.tlog
c:\users\gebruiker\desktop\ms ported\sol\solitaire\x64\release\solitaire.tlog\rc.command.1.tlog
c:\users\gebruiker\desktop\ms ported\sol\solitaire\x64\release\solitaire.tlog\rc.read.1.tlog
c:\users\gebruiker\desktop\ms ported\sol\solitaire\x64\release\solitaire.tlog\rc.write.1.tlog
